
Number of people bank yes
-1    280717
 1     18568
dtype: int64



Number of married
Female    155775
Male      143510
dtype: int64


/home/iosifidis/.local/lib/python2.7/site-packages/numpy/core/fromnumeric.py:3118: RuntimeWarning: Mean of empty slice.
  out=out, **kwargs)
/home/iosifidis/.local/lib/python2.7/site-packages/numpy/core/_methods.py:85: RuntimeWarning: invalid value encountered in double_scalars
  ret = ret.dtype.type(ret / rcount)
/home/iosifidis/.local/lib/python2.7/site-packages/numpy/core/_methods.py:140: RuntimeWarning: Degrees of freedom <= 0 for slice
  keepdims=keepdims)
/home/iosifidis/.local/lib/python2.7/site-packages/numpy/core/_methods.py:110: RuntimeWarning: invalid value encountered in true_divide
  arrmean, rcount, out=arrmean, casting='unsafe', subok=False)
/home/iosifidis/.local/lib/python2.7/site-packages/numpy/core/_methods.py:132: RuntimeWarning: invalid value encountered in double_scalars
  ret = ret.dtype.type(ret / rcount)
elapsed time = 4751.82592916
['None', 'Adaboost', 'AdaFair']
accuracy [nan, 0.9510608581757918, 0.8653020856304672]
accuracy dev [nan, 0.000403011679569436, 0.009482596863320694]
balanced_accuracy [nan, 0.6671950236883214, 0.8450236983993061]
balanced_accuracy dev [nan, 0.0031339775011954506, 0.0016358671824901515]
fairness [nan, 0.282380954017813, 0.02518821421861366]
fairness_dev [nan, 0.01181685740347354, 0.009595585173706027]
tpr_protected_list [nan, 0.13170866168306072, 0.8242686431935535]
std_tpr_protected_list [nan, 0.007100406699076609, 0.02345361698685365]
tpr_non_protected_list [nan, 0.4000030727538516, 0.8212118652972811]
std_tpr_non_protected_list [nan, 0.007807929267985162, 0.010756865637867031]
tnr_protected_list [nan, 0.997993973529316, 0.87299393692887]
std_tnr_protected_list [nan, 0.0001707044931205857, 0.013318581079082974]
tnr_non_protected_list [nan, 0.9839074305822939, 0.8625332783929123]
std_tnr_non_protected_list [nan, 0.0012323005001142508, 0.008574737598193992]
